<?xml version="1.0" encoding="UTF-8"?>
<!-- Generated by org.testng.reporters.JUnitReportReporter -->
<testsuite skipped="0" hostname="Ty-Deepak-Tr" name="com.practice.DynnmicWebtable" tests="1" failures="0" timestamp="2021-02-23T12:59:13 IST" time="18.657" errors="0">
  <testcase name="captureDynamicWentable" time="18.657" classname="com.practice.DynnmicWebtable"/>
  <system-out/>
</testsuite> <!-- com.practice.DynnmicWebtable -->
