<?xml version="1.0" encoding="UTF-8"?>
<!-- Generated by org.testng.reporters.JUnitReportReporter -->
<testsuite skipped="0" hostname="Ty-Deepak-Tr" name="com.practice.Calender_CurrentData" tests="1" failures="0" timestamp="2021-02-22T12:54:24 IST" time="15.663" errors="0">
  <testcase name="calenderWinDowTest" time="15.663" classname="com.practice.Calender_CurrentData"/>
  <system-out/>
</testsuite> <!-- com.practice.Calender_CurrentData -->
