<?xml version="1.0" encoding="UTF-8"?>
<!-- Generated by org.testng.reporters.JUnitReportReporter -->
<testsuite skipped="0" hostname="Ty-Deepak-Tr" name="com.practice.DataDriventest" tests="3" failures="0" timestamp="2021-02-22T15:24:54 IST" time="104.004" errors="0">
  <testcase name="bookTicketTest" time="30.494" classname="com.practice.DataDriventest"/>
  <system-out/>
  <testcase name="bookTicketTest" time="36.015" classname="com.practice.DataDriventest"/>
  <system-out/>
  <testcase name="bookTicketTest" time="37.495" classname="com.practice.DataDriventest"/>
  <system-out/>
</testsuite> <!-- com.practice.DataDriventest -->
