<?xml version="1.0" encoding="UTF-8"?>
<!-- Generated by org.testng.reporters.JUnitReportReporter -->
<testsuite skipped="0" hostname="Ty-Deepak-Tr" name="com.practice.DataDarivenTest" tests="1" failures="0" timestamp="2021-02-22T13:58:11 IST" time="0.507" errors="0">
  <testcase name="sampeDataTest" time="0.507" classname="com.practice.DataDarivenTest"/>
  <system-out/>
</testsuite> <!-- com.practice.DataDarivenTest -->
