<?xml version="1.0" encoding="UTF-8"?>
<!-- Generated by org.testng.reporters.JUnitReportReporter -->
<testsuite skipped="0" hostname="Ty-Deepak-Tr" name="com.crm.comcast.organizationtest.CreateOrgWithIndustry" tests="1" failures="0" timestamp="2021-02-26T14:47:10 IST" time="27.968" errors="0">
  <testcase name="createOrganizationWithIndustryTest" time="27.968" classname="com.crm.comcast.organizationtest.CreateOrgWithIndustry"/>
  <system-out/>
</testsuite> <!-- com.crm.comcast.organizationtest.CreateOrgWithIndustry -->
