<?xml version="1.0" encoding="UTF-8"?>
<!-- Generated by org.testng.reporters.JUnitReportReporter -->
<testsuite skipped="0" hostname="Ty-Deepak-Tr" name="com.practice.SeleniumCammanLineArgumnet" tests="1" failures="0" timestamp="2021-02-18T17:10:39 IST" time="0.006" errors="0">
  <testcase name="sampleTest" time="0.006" classname="com.practice.SeleniumCammanLineArgumnet"/>
  <system-out/>
</testsuite> <!-- com.practice.SeleniumCammanLineArgumnet -->
