<?xml version="1.0" encoding="UTF-8"?>
<!-- Generated by org.testng.reporters.JUnitReportReporter -->
<testsuite skipped="0" hostname="Ty-Deepak-Tr" name="com.practice.DataProviderTest" tests="79" failures="0" timestamp="2021-02-22T14:05:12 IST" time="0.078" errors="0">
  <testcase name="sampeDataTest" time="0.003" classname="com.practice.DataProviderTest"/>
  <system-out/>
  <testcase name="sampeDataTest" time="0.000" classname="com.practice.DataProviderTest"/>
  <system-out/>
  <testcase name="sampeDataTest" time="0.001" classname="com.practice.DataProviderTest"/>
  <system-out/>
  <testcase name="sampeDataTest" time="0.001" classname="com.practice.DataProviderTest"/>
  <system-out/>
  <testcase name="sampeDataTest" time="0.000" classname="com.practice.DataProviderTest"/>
  <system-out/>
  <testcase name="sampeDataTest" time="0.001" classname="com.practice.DataProviderTest"/>
  <system-out/>
  <testcase name="sampeDataTest" time="0.001" classname="com.practice.DataProviderTest"/>
  <system-out/>
  <testcase name="sampeDataTest" time="0.001" classname="com.practice.DataProviderTest"/>
  <system-out/>
  <testcase name="sampeDataTest" time="0.001" classname="com.practice.DataProviderTest"/>
  <system-out/>
  <testcase name="sampeDataTest" time="0.001" classname="com.practice.DataProviderTest"/>
  <system-out/>
  <testcase name="sampeDataTest" time="0.001" classname="com.practice.DataProviderTest"/>
  <system-out/>
  <testcase name="sampeDataTest" time="0.001" classname="com.practice.DataProviderTest"/>
  <system-out/>
  <testcase name="sampeDataTest" time="0.002" classname="com.practice.DataProviderTest"/>
  <system-out/>
  <testcase name="sampeDataTest" time="0.001" classname="com.practice.DataProviderTest"/>
  <system-out/>
  <testcase name="sampeDataTest" time="0.001" classname="com.practice.DataProviderTest"/>
  <system-out/>
  <testcase name="sampeDataTest" time="0.000" classname="com.practice.DataProviderTest"/>
  <system-out/>
  <testcase name="sampeDataTest" time="0.001" classname="com.practice.DataProviderTest"/>
  <system-out/>
  <testcase name="sampeDataTest" time="0.002" classname="com.practice.DataProviderTest"/>
  <system-out/>
  <testcase name="sampeDataTest" time="0.000" classname="com.practice.DataProviderTest"/>
  <system-out/>
  <testcase name="sampeDataTest" time="0.001" classname="com.practice.DataProviderTest"/>
  <system-out/>
  <testcase name="sampeDataTest" time="0.000" classname="com.practice.DataProviderTest"/>
  <system-out/>
  <testcase name="sampeDataTest" time="0.001" classname="com.practice.DataProviderTest"/>
  <system-out/>
  <testcase name="sampeDataTest" time="0.001" classname="com.practice.DataProviderTest"/>
  <system-out/>
  <testcase name="sampeDataTest" time="0.001" classname="com.practice.DataProviderTest"/>
  <system-out/>
  <testcase name="sampeDataTest" time="0.001" classname="com.practice.DataProviderTest"/>
  <system-out/>
  <testcase name="sampeDataTest" time="0.001" classname="com.practice.DataProviderTest"/>
  <system-out/>
  <testcase name="sampeDataTest" time="0.001" classname="com.practice.DataProviderTest"/>
  <system-out/>
  <testcase name="sampeDataTest" time="0.001" classname="com.practice.DataProviderTest"/>
  <system-out/>
  <testcase name="sampeDataTest" time="0.001" classname="com.practice.DataProviderTest"/>
  <system-out/>
  <testcase name="sampeDataTest" time="0.001" classname="com.practice.DataProviderTest"/>
  <system-out/>
  <testcase name="sampeDataTest" time="0.001" classname="com.practice.DataProviderTest"/>
  <system-out/>
  <testcase name="sampeDataTest" time="0.000" classname="com.practice.DataProviderTest"/>
  <system-out/>
  <testcase name="sampeDataTest" time="0.000" classname="com.practice.DataProviderTest"/>
  <system-out/>
  <testcase name="sampeDataTest" time="0.001" classname="com.practice.DataProviderTest"/>
  <system-out/>
  <testcase name="sampeDataTest" time="0.001" classname="com.practice.DataProviderTest"/>
  <system-out/>
  <testcase name="sampeDataTest" time="0.002" classname="com.practice.DataProviderTest"/>
  <system-out/>
  <testcase name="sampeDataTest" time="0.000" classname="com.practice.DataProviderTest"/>
  <system-out/>
  <testcase name="sampeDataTest" time="0.000" classname="com.practice.DataProviderTest"/>
  <system-out/>
  <testcase name="sampeDataTest" time="0.004" classname="com.practice.DataProviderTest"/>
  <system-out/>
  <testcase name="sampeDataTest" time="0.003" classname="com.practice.DataProviderTest"/>
  <system-out/>
  <testcase name="sampeDataTest" time="0.001" classname="com.practice.DataProviderTest"/>
  <system-out/>
  <testcase name="sampeDataTest" time="0.001" classname="com.practice.DataProviderTest"/>
  <system-out/>
  <testcase name="sampeDataTest" time="0.001" classname="com.practice.DataProviderTest"/>
  <system-out/>
  <testcase name="sampeDataTest" time="0.001" classname="com.practice.DataProviderTest"/>
  <system-out/>
  <testcase name="sampeDataTest" time="0.000" classname="com.practice.DataProviderTest"/>
  <system-out/>
  <testcase name="sampeDataTest" time="0.001" classname="com.practice.DataProviderTest"/>
  <system-out/>
  <testcase name="sampeDataTest" time="0.001" classname="com.practice.DataProviderTest"/>
  <system-out/>
  <testcase name="sampeDataTest" time="0.000" classname="com.practice.DataProviderTest"/>
  <system-out/>
  <testcase name="sampeDataTest" time="0.000" classname="com.practice.DataProviderTest"/>
  <system-out/>
  <testcase name="sampeDataTest" time="0.000" classname="com.practice.DataProviderTest"/>
  <system-out/>
  <testcase name="sampeDataTest" time="0.008" classname="com.practice.DataProviderTest"/>
  <system-out/>
  <testcase name="sampeDataTest" time="0.002" classname="com.practice.DataProviderTest"/>
  <system-out/>
  <testcase name="sampeDataTest" time="0.001" classname="com.practice.DataProviderTest"/>
  <system-out/>
  <testcase name="sampeDataTest" time="0.000" classname="com.practice.DataProviderTest"/>
  <system-out/>
  <testcase name="sampeDataTest" time="0.001" classname="com.practice.DataProviderTest"/>
  <system-out/>
  <testcase name="sampeDataTest" time="0.001" classname="com.practice.DataProviderTest"/>
  <system-out/>
  <testcase name="sampeDataTest" time="0.001" classname="com.practice.DataProviderTest"/>
  <system-out/>
  <testcase name="sampeDataTest" time="0.000" classname="com.practice.DataProviderTest"/>
  <system-out/>
  <testcase name="sampeDataTest" time="0.001" classname="com.practice.DataProviderTest"/>
  <system-out/>
  <testcase name="sampeDataTest" time="0.000" classname="com.practice.DataProviderTest"/>
  <system-out/>
  <testcase name="sampeDataTest" time="0.001" classname="com.practice.DataProviderTest"/>
  <system-out/>
  <testcase name="sampeDataTest" time="0.002" classname="com.practice.DataProviderTest"/>
  <system-out/>
  <testcase name="sampeDataTest" time="0.001" classname="com.practice.DataProviderTest"/>
  <system-out/>
  <testcase name="sampeDataTest" time="0.001" classname="com.practice.DataProviderTest"/>
  <system-out/>
  <testcase name="sampeDataTest" time="0.001" classname="com.practice.DataProviderTest"/>
  <system-out/>
  <testcase name="sampeDataTest" time="0.001" classname="com.practice.DataProviderTest"/>
  <system-out/>
  <testcase name="sampeDataTest" time="0.001" classname="com.practice.DataProviderTest"/>
  <system-out/>
  <testcase name="sampeDataTest" time="0.003" classname="com.practice.DataProviderTest"/>
  <system-out/>
  <testcase name="sampeDataTest" time="0.001" classname="com.practice.DataProviderTest"/>
  <system-out/>
  <testcase name="sampeDataTest" time="0.001" classname="com.practice.DataProviderTest"/>
  <system-out/>
  <testcase name="sampeDataTest" time="0.000" classname="com.practice.DataProviderTest"/>
  <system-out/>
  <testcase name="sampeDataTest" time="0.000" classname="com.practice.DataProviderTest"/>
  <system-out/>
  <testcase name="sampeDataTest" time="0.001" classname="com.practice.DataProviderTest"/>
  <system-out/>
  <testcase name="sampeDataTest" time="0.000" classname="com.practice.DataProviderTest"/>
  <system-out/>
  <testcase name="sampeDataTest" time="0.000" classname="com.practice.DataProviderTest"/>
  <system-out/>
  <testcase name="sampeDataTest" time="0.000" classname="com.practice.DataProviderTest"/>
  <system-out/>
  <testcase name="sampeDataTest" time="0.001" classname="com.practice.DataProviderTest"/>
  <system-out/>
  <testcase name="sampeDataTest" time="0.001" classname="com.practice.DataProviderTest"/>
  <system-out/>
  <testcase name="sampeDataTest" time="0.000" classname="com.practice.DataProviderTest"/>
  <system-out/>
</testsuite> <!-- com.practice.DataProviderTest -->
