<?xml version="1.0" encoding="UTF-8"?>
<!-- Generated by org.testng.reporters.JUnitReportReporter -->
<testsuite skipped="0" hostname="Ty-Deepak-Tr" name="com.practice.ReadDataFromProperties" tests="1" failures="0" timestamp="2021-02-18T15:46:44 IST" time="0.017" errors="0">
  <testcase name="sampleTest" time="0.017" classname="com.practice.ReadDataFromProperties"/>
  <system-out/>
</testsuite> <!-- com.practice.ReadDataFromProperties -->
